[debug] [2020-09-01T06:31:37.787Z] ----------------------------------------------------------------------
[debug] [2020-09-01T06:31:37.789Z] Command:       C:\Program Files\nodejs\node.exe C:\Users\HP\AppData\Roaming\npm\node_modules\firebase-tools\lib\bin\firebase.js deploy
[debug] [2020-09-01T06:31:37.789Z] CLI Version:   8.9.2
[debug] [2020-09-01T06:31:37.789Z] Platform:      win32
[debug] [2020-09-01T06:31:37.789Z] Node Version:  v12.18.3
[debug] [2020-09-01T06:31:37.790Z] Time:          Tue Sep 01 2020 13:31:37 GMT+0700 (Indochina Time)
[debug] [2020-09-01T06:31:37.790Z] ----------------------------------------------------------------------
[debug] [2020-09-01T06:31:37.790Z] 
[debug] [2020-09-01T06:31:37.797Z] > command requires scopes: ["email","openid","https://www.googleapis.com/auth/cloudplatformprojects.readonly","https://www.googleapis.com/auth/firebase","https://www.googleapis.com/auth/cloud-platform"]
[debug] [2020-09-01T06:31:37.798Z] > authorizing via signed-in user
[debug] [2020-09-01T06:31:37.798Z] [iam] checking project cdtt-6835f for permissions ["firebase.projects.get","firebasedatabase.instances.update","firebasehosting.sites.update"]
[debug] [2020-09-01T06:31:37.800Z] >>> HTTP REQUEST POST https://cloudresourcemanager.googleapis.com/v1/projects/cdtt-6835f:testIamPermissions  
 {"permissions":["firebase.projects.get","firebasedatabase.instances.update","firebasehosting.sites.update"]}
[debug] [2020-09-01T06:31:38.832Z] <<< HTTP RESPONSE 200 {"content-type":"application/json; charset=UTF-8","vary":"X-Origin, Referer, Origin,Accept-Encoding","date":"Tue, 01 Sep 2020 06:31:41 GMT","server":"ESF","cache-control":"private","x-xss-protection":"0","x-frame-options":"SAMEORIGIN","x-content-type-options":"nosniff","server-timing":"gfet4t7; dur=830","alt-svc":"h3-29=\":443\"; ma=2592000,h3-27=\":443\"; ma=2592000,h3-T051=\":443\"; ma=2592000,h3-T050=\":443\"; ma=2592000,h3-Q050=\":443\"; ma=2592000,h3-Q046=\":443\"; ma=2592000,h3-Q043=\":443\"; ma=2592000,quic=\":443\"; ma=2592000; v=\"46,43\"","accept-ranges":"none","transfer-encoding":"chunked"}
[debug] [2020-09-01T06:31:38.833Z] >>> HTTP REQUEST GET https://firebase.googleapis.com/v1beta1/projects/cdtt-6835f  
 
[debug] [2020-09-01T06:31:39.251Z] <<< HTTP RESPONSE 200 {"content-type":"application/json; charset=UTF-8","vary":"X-Origin, Referer, Origin,Accept-Encoding","date":"Tue, 01 Sep 2020 06:31:42 GMT","server":"ESF","cache-control":"private","x-xss-protection":"0","x-frame-options":"SAMEORIGIN","x-content-type-options":"nosniff","alt-svc":"h3-29=\":443\"; ma=2592000,h3-27=\":443\"; ma=2592000,h3-T051=\":443\"; ma=2592000,h3-T050=\":443\"; ma=2592000,h3-Q050=\":443\"; ma=2592000,h3-Q046=\":443\"; ma=2592000,h3-Q043=\":443\"; ma=2592000,quic=\":443\"; ma=2592000; v=\"46,43\"","accept-ranges":"none","transfer-encoding":"chunked"}
[info] 
[info] === Deploying to 'cdtt-6835f'...
[info] 
[info] i  deploying database, hosting 
[info] i  database: checking rules syntax... 
[debug] [2020-09-01T06:31:39.264Z] >>> HTTP REQUEST PUT https://cdtt-6835f.firebaseio.com/.settings/rules.json?dryRun=true  
 {
  "rules": {
    ".read": "auth != null",
    ".write": "auth != null"
  }
}
[debug] [2020-09-01T06:31:40.179Z] <<< HTTP RESPONSE 200 {"server":"nginx","date":"Tue, 01 Sep 2020 06:31:43 GMT","content-type":"application/json; charset=utf-8","content-length":"15","connection":"keep-alive","access-control-allow-origin":"*","cache-control":"no-cache","strict-transport-security":"max-age=31556926; includeSubDomains; preload"}
